The system is: Darwin - 15.6.0 - x86_64
Compiling the C compiler identification source file "CMakeCCompilerId.c" succeeded.
Compiler: /Applications/Xcode.app/Contents/Developer/Toolchains/XcodeDefault.xctoolchain/usr/bin/cc 
Build flags: 
Id flags: 

The output was:
0


Compilation of the C compiler identification source "CMakeCCompilerId.c" produced "a.out"

The C compiler identification is AppleClang, found in "/Users/kesenheimer/Desktop/Test_Collier/COLLIER-1.1/build/CMakeFiles/3.7.1/CompilerIdC/a.out"

Compiling the CXX compiler identification source file "CMakeCXXCompilerId.cpp" succeeded.
Compiler: /Applications/Xcode.app/Contents/Developer/Toolchains/XcodeDefault.xctoolchain/usr/bin/c++ 
Build flags: 
Id flags: 

The output was:
0


Compilation of the CXX compiler identification source "CMakeCXXCompilerId.cpp" produced "a.out"

The CXX compiler identification is AppleClang, found in "/Users/kesenheimer/Desktop/Test_Collier/COLLIER-1.1/build/CMakeFiles/3.7.1/CompilerIdCXX/a.out"

Determining if the C compiler works passed with the following output:
Change Dir: /Users/kesenheimer/Desktop/Test_Collier/COLLIER-1.1/build/CMakeFiles/CMakeTmp

Run Build Command:"/opt/local/bin/gmake" "cmTC_83b4c/fast"
/opt/local/bin/gmake -f CMakeFiles/cmTC_83b4c.dir/build.make CMakeFiles/cmTC_83b4c.dir/build
gmake[1]: Entering directory '/Users/kesenheimer/Desktop/Test_Collier/COLLIER-1.1/build/CMakeFiles/CMakeTmp'
Building C object CMakeFiles/cmTC_83b4c.dir/testCCompiler.c.o
/Applications/Xcode.app/Contents/Developer/Toolchains/XcodeDefault.xctoolchain/usr/bin/cc     -o CMakeFiles/cmTC_83b4c.dir/testCCompiler.c.o   -c /Users/kesenheimer/Desktop/Test_Collier/COLLIER-1.1/build/CMakeFiles/CMakeTmp/testCCompiler.c
Linking C executable cmTC_83b4c
/opt/local/bin/cmake -E cmake_link_script CMakeFiles/cmTC_83b4c.dir/link.txt --verbose=1
/Applications/Xcode.app/Contents/Developer/Toolchains/XcodeDefault.xctoolchain/usr/bin/cc    -Wl,-search_paths_first -Wl,-headerpad_max_install_names   CMakeFiles/cmTC_83b4c.dir/testCCompiler.c.o  -o cmTC_83b4c  
gmake[1]: Leaving directory '/Users/kesenheimer/Desktop/Test_Collier/COLLIER-1.1/build/CMakeFiles/CMakeTmp'


Detecting C compiler ABI info compiled with the following output:
Change Dir: /Users/kesenheimer/Desktop/Test_Collier/COLLIER-1.1/build/CMakeFiles/CMakeTmp

Run Build Command:"/opt/local/bin/gmake" "cmTC_24dfc/fast"
/opt/local/bin/gmake -f CMakeFiles/cmTC_24dfc.dir/build.make CMakeFiles/cmTC_24dfc.dir/build
gmake[1]: Entering directory '/Users/kesenheimer/Desktop/Test_Collier/COLLIER-1.1/build/CMakeFiles/CMakeTmp'
Building C object CMakeFiles/cmTC_24dfc.dir/CMakeCCompilerABI.c.o
/Applications/Xcode.app/Contents/Developer/Toolchains/XcodeDefault.xctoolchain/usr/bin/cc     -o CMakeFiles/cmTC_24dfc.dir/CMakeCCompilerABI.c.o   -c /opt/local/share/cmake-3.7/Modules/CMakeCCompilerABI.c
Linking C executable cmTC_24dfc
/opt/local/bin/cmake -E cmake_link_script CMakeFiles/cmTC_24dfc.dir/link.txt --verbose=1
/Applications/Xcode.app/Contents/Developer/Toolchains/XcodeDefault.xctoolchain/usr/bin/cc    -Wl,-search_paths_first -Wl,-headerpad_max_install_names  -v -Wl,-v CMakeFiles/cmTC_24dfc.dir/CMakeCCompilerABI.c.o  -o cmTC_24dfc   
Apple LLVM version 7.3.0 (clang-703.0.31)
Target: x86_64-apple-darwin15.6.0
Thread model: posix
InstalledDir: /Applications/Xcode.app/Contents/Developer/Toolchains/XcodeDefault.xctoolchain/usr/bin
 "/Applications/Xcode.app/Contents/Developer/Toolchains/XcodeDefault.xctoolchain/usr/bin/ld" -demangle -dynamic -arch x86_64 -macosx_version_min 10.11.0 -o cmTC_24dfc -search_paths_first -headerpad_max_install_names -v CMakeFiles/cmTC_24dfc.dir/CMakeCCompilerABI.c.o -lSystem /Applications/Xcode.app/Contents/Developer/Toolchains/XcodeDefault.xctoolchain/usr/bin/../lib/clang/7.3.0/lib/darwin/libclang_rt.osx.a
@(#)PROGRAM:ld  PROJECT:ld64-264.3.102
configured to support archs: armv6 armv7 armv7s arm64 i386 x86_64 x86_64h armv6m armv7k armv7m armv7em (tvOS)
Library search paths:
	/usr/lib
	/usr/local/lib
Framework search paths:
	/Library/Frameworks/
	/System/Library/Frameworks/
gmake[1]: Leaving directory '/Users/kesenheimer/Desktop/Test_Collier/COLLIER-1.1/build/CMakeFiles/CMakeTmp'


Parsed C implicit link information from above output:
  link line regex: [^( *|.*[/\])(ld|([^/\]+-)?ld|collect2)[^/\]*( |$)]
  ignore line: [Change Dir: /Users/kesenheimer/Desktop/Test_Collier/COLLIER-1.1/build/CMakeFiles/CMakeTmp]
  ignore line: []
  ignore line: [Run Build Command:"/opt/local/bin/gmake" "cmTC_24dfc/fast"]
  ignore line: [/opt/local/bin/gmake -f CMakeFiles/cmTC_24dfc.dir/build.make CMakeFiles/cmTC_24dfc.dir/build]
  ignore line: [gmake[1]: Entering directory '/Users/kesenheimer/Desktop/Test_Collier/COLLIER-1.1/build/CMakeFiles/CMakeTmp']
  ignore line: [Building C object CMakeFiles/cmTC_24dfc.dir/CMakeCCompilerABI.c.o]
  ignore line: [/Applications/Xcode.app/Contents/Developer/Toolchains/XcodeDefault.xctoolchain/usr/bin/cc     -o CMakeFiles/cmTC_24dfc.dir/CMakeCCompilerABI.c.o   -c /opt/local/share/cmake-3.7/Modules/CMakeCCompilerABI.c]
  ignore line: [Linking C executable cmTC_24dfc]
  ignore line: [/opt/local/bin/cmake -E cmake_link_script CMakeFiles/cmTC_24dfc.dir/link.txt --verbose=1]
  ignore line: [/Applications/Xcode.app/Contents/Developer/Toolchains/XcodeDefault.xctoolchain/usr/bin/cc    -Wl,-search_paths_first -Wl,-headerpad_max_install_names  -v -Wl,-v CMakeFiles/cmTC_24dfc.dir/CMakeCCompilerABI.c.o  -o cmTC_24dfc   ]
  ignore line: [Apple LLVM version 7.3.0 (clang-703.0.31)]
  ignore line: [Target: x86_64-apple-darwin15.6.0]
  ignore line: [Thread model: posix]
  ignore line: [InstalledDir: /Applications/Xcode.app/Contents/Developer/Toolchains/XcodeDefault.xctoolchain/usr/bin]
  link line: [ "/Applications/Xcode.app/Contents/Developer/Toolchains/XcodeDefault.xctoolchain/usr/bin/ld" -demangle -dynamic -arch x86_64 -macosx_version_min 10.11.0 -o cmTC_24dfc -search_paths_first -headerpad_max_install_names -v CMakeFiles/cmTC_24dfc.dir/CMakeCCompilerABI.c.o -lSystem /Applications/Xcode.app/Contents/Developer/Toolchains/XcodeDefault.xctoolchain/usr/bin/../lib/clang/7.3.0/lib/darwin/libclang_rt.osx.a]
    arg [/Applications/Xcode.app/Contents/Developer/Toolchains/XcodeDefault.xctoolchain/usr/bin/ld] ==> ignore
    arg [-demangle] ==> ignore
    arg [-dynamic] ==> ignore
    arg [-arch] ==> ignore
    arg [x86_64] ==> ignore
    arg [-macosx_version_min] ==> ignore
    arg [10.11.0] ==> ignore
    arg [-o] ==> ignore
    arg [cmTC_24dfc] ==> ignore
    arg [-search_paths_first] ==> ignore
    arg [-headerpad_max_install_names] ==> ignore
    arg [-v] ==> ignore
    arg [CMakeFiles/cmTC_24dfc.dir/CMakeCCompilerABI.c.o] ==> ignore
    arg [-lSystem] ==> lib [System]
    arg [/Applications/Xcode.app/Contents/Developer/Toolchains/XcodeDefault.xctoolchain/usr/bin/../lib/clang/7.3.0/lib/darwin/libclang_rt.osx.a] ==> lib [/Applications/Xcode.app/Contents/Developer/Toolchains/XcodeDefault.xctoolchain/usr/bin/../lib/clang/7.3.0/lib/darwin/libclang_rt.osx.a]
  Library search paths: [;/usr/lib;/usr/local/lib]
  Framework search paths: [;/Library/Frameworks/;/System/Library/Frameworks/]
  remove lib [System]
  remove lib [/Applications/Xcode.app/Contents/Developer/Toolchains/XcodeDefault.xctoolchain/usr/bin/../lib/clang/7.3.0/lib/darwin/libclang_rt.osx.a]
  collapse library dir [/usr/lib] ==> [/usr/lib]
  collapse library dir [/usr/local/lib] ==> [/usr/local/lib]
  collapse framework dir [/Library/Frameworks/] ==> [/Library/Frameworks]
  collapse framework dir [/System/Library/Frameworks/] ==> [/System/Library/Frameworks]
  implicit libs: []
  implicit dirs: [/usr/lib;/usr/local/lib]
  implicit fwks: [/Library/Frameworks;/System/Library/Frameworks]




Detecting C [-std=c11] compiler features compiled with the following output:
Change Dir: /Users/kesenheimer/Desktop/Test_Collier/COLLIER-1.1/build/CMakeFiles/CMakeTmp

Run Build Command:"/opt/local/bin/gmake" "cmTC_cfbce/fast"
/opt/local/bin/gmake -f CMakeFiles/cmTC_cfbce.dir/build.make CMakeFiles/cmTC_cfbce.dir/build
gmake[1]: Entering directory '/Users/kesenheimer/Desktop/Test_Collier/COLLIER-1.1/build/CMakeFiles/CMakeTmp'
Building C object CMakeFiles/cmTC_cfbce.dir/feature_tests.c.o
/Applications/Xcode.app/Contents/Developer/Toolchains/XcodeDefault.xctoolchain/usr/bin/cc    -std=c11 -o CMakeFiles/cmTC_cfbce.dir/feature_tests.c.o   -c /Users/kesenheimer/Desktop/Test_Collier/COLLIER-1.1/build/CMakeFiles/feature_tests.c
Linking C executable cmTC_cfbce
/opt/local/bin/cmake -E cmake_link_script CMakeFiles/cmTC_cfbce.dir/link.txt --verbose=1
/Applications/Xcode.app/Contents/Developer/Toolchains/XcodeDefault.xctoolchain/usr/bin/cc    -Wl,-search_paths_first -Wl,-headerpad_max_install_names   CMakeFiles/cmTC_cfbce.dir/feature_tests.c.o  -o cmTC_cfbce  
gmake[1]: Leaving directory '/Users/kesenheimer/Desktop/Test_Collier/COLLIER-1.1/build/CMakeFiles/CMakeTmp'


    Feature record: C_FEATURE:1c_function_prototypes
    Feature record: C_FEATURE:1c_restrict
    Feature record: C_FEATURE:1c_static_assert
    Feature record: C_FEATURE:1c_variadic_macros


Detecting C [-std=c99] compiler features compiled with the following output:
Change Dir: /Users/kesenheimer/Desktop/Test_Collier/COLLIER-1.1/build/CMakeFiles/CMakeTmp

Run Build Command:"/opt/local/bin/gmake" "cmTC_7101b/fast"
/opt/local/bin/gmake -f CMakeFiles/cmTC_7101b.dir/build.make CMakeFiles/cmTC_7101b.dir/build
gmake[1]: Entering directory '/Users/kesenheimer/Desktop/Test_Collier/COLLIER-1.1/build/CMakeFiles/CMakeTmp'
Building C object CMakeFiles/cmTC_7101b.dir/feature_tests.c.o
/Applications/Xcode.app/Contents/Developer/Toolchains/XcodeDefault.xctoolchain/usr/bin/cc    -std=c99 -o CMakeFiles/cmTC_7101b.dir/feature_tests.c.o   -c /Users/kesenheimer/Desktop/Test_Collier/COLLIER-1.1/build/CMakeFiles/feature_tests.c
Linking C executable cmTC_7101b
/opt/local/bin/cmake -E cmake_link_script CMakeFiles/cmTC_7101b.dir/link.txt --verbose=1
/Applications/Xcode.app/Contents/Developer/Toolchains/XcodeDefault.xctoolchain/usr/bin/cc    -Wl,-search_paths_first -Wl,-headerpad_max_install_names   CMakeFiles/cmTC_7101b.dir/feature_tests.c.o  -o cmTC_7101b  
gmake[1]: Leaving directory '/Users/kesenheimer/Desktop/Test_Collier/COLLIER-1.1/build/CMakeFiles/CMakeTmp'


    Feature record: C_FEATURE:1c_function_prototypes
    Feature record: C_FEATURE:1c_restrict
    Feature record: C_FEATURE:0c_static_assert
    Feature record: C_FEATURE:1c_variadic_macros


Detecting C [-std=c90] compiler features compiled with the following output:
Change Dir: /Users/kesenheimer/Desktop/Test_Collier/COLLIER-1.1/build/CMakeFiles/CMakeTmp

Run Build Command:"/opt/local/bin/gmake" "cmTC_da42b/fast"
/opt/local/bin/gmake -f CMakeFiles/cmTC_da42b.dir/build.make CMakeFiles/cmTC_da42b.dir/build
gmake[1]: Entering directory '/Users/kesenheimer/Desktop/Test_Collier/COLLIER-1.1/build/CMakeFiles/CMakeTmp'
Building C object CMakeFiles/cmTC_da42b.dir/feature_tests.c.o
/Applications/Xcode.app/Contents/Developer/Toolchains/XcodeDefault.xctoolchain/usr/bin/cc    -std=c90 -o CMakeFiles/cmTC_da42b.dir/feature_tests.c.o   -c /Users/kesenheimer/Desktop/Test_Collier/COLLIER-1.1/build/CMakeFiles/feature_tests.c
Linking C executable cmTC_da42b
/opt/local/bin/cmake -E cmake_link_script CMakeFiles/cmTC_da42b.dir/link.txt --verbose=1
/Applications/Xcode.app/Contents/Developer/Toolchains/XcodeDefault.xctoolchain/usr/bin/cc    -Wl,-search_paths_first -Wl,-headerpad_max_install_names   CMakeFiles/cmTC_da42b.dir/feature_tests.c.o  -o cmTC_da42b  
gmake[1]: Leaving directory '/Users/kesenheimer/Desktop/Test_Collier/COLLIER-1.1/build/CMakeFiles/CMakeTmp'


    Feature record: C_FEATURE:1c_function_prototypes
    Feature record: C_FEATURE:0c_restrict
    Feature record: C_FEATURE:0c_static_assert
    Feature record: C_FEATURE:0c_variadic_macros
Determining if the CXX compiler works passed with the following output:
Change Dir: /Users/kesenheimer/Desktop/Test_Collier/COLLIER-1.1/build/CMakeFiles/CMakeTmp

Run Build Command:"/opt/local/bin/gmake" "cmTC_88691/fast"
/opt/local/bin/gmake -f CMakeFiles/cmTC_88691.dir/build.make CMakeFiles/cmTC_88691.dir/build
gmake[1]: Entering directory '/Users/kesenheimer/Desktop/Test_Collier/COLLIER-1.1/build/CMakeFiles/CMakeTmp'
Building CXX object CMakeFiles/cmTC_88691.dir/testCXXCompiler.cxx.o
/Applications/Xcode.app/Contents/Developer/Toolchains/XcodeDefault.xctoolchain/usr/bin/c++      -o CMakeFiles/cmTC_88691.dir/testCXXCompiler.cxx.o -c /Users/kesenheimer/Desktop/Test_Collier/COLLIER-1.1/build/CMakeFiles/CMakeTmp/testCXXCompiler.cxx
Linking CXX executable cmTC_88691
/opt/local/bin/cmake -E cmake_link_script CMakeFiles/cmTC_88691.dir/link.txt --verbose=1
/Applications/Xcode.app/Contents/Developer/Toolchains/XcodeDefault.xctoolchain/usr/bin/c++     -Wl,-search_paths_first -Wl,-headerpad_max_install_names   CMakeFiles/cmTC_88691.dir/testCXXCompiler.cxx.o  -o cmTC_88691  
gmake[1]: Leaving directory '/Users/kesenheimer/Desktop/Test_Collier/COLLIER-1.1/build/CMakeFiles/CMakeTmp'


Detecting CXX compiler ABI info compiled with the following output:
Change Dir: /Users/kesenheimer/Desktop/Test_Collier/COLLIER-1.1/build/CMakeFiles/CMakeTmp

Run Build Command:"/opt/local/bin/gmake" "cmTC_8ccec/fast"
/opt/local/bin/gmake -f CMakeFiles/cmTC_8ccec.dir/build.make CMakeFiles/cmTC_8ccec.dir/build
gmake[1]: Entering directory '/Users/kesenheimer/Desktop/Test_Collier/COLLIER-1.1/build/CMakeFiles/CMakeTmp'
Building CXX object CMakeFiles/cmTC_8ccec.dir/CMakeCXXCompilerABI.cpp.o
/Applications/Xcode.app/Contents/Developer/Toolchains/XcodeDefault.xctoolchain/usr/bin/c++      -o CMakeFiles/cmTC_8ccec.dir/CMakeCXXCompilerABI.cpp.o -c /opt/local/share/cmake-3.7/Modules/CMakeCXXCompilerABI.cpp
Linking CXX executable cmTC_8ccec
/opt/local/bin/cmake -E cmake_link_script CMakeFiles/cmTC_8ccec.dir/link.txt --verbose=1
/Applications/Xcode.app/Contents/Developer/Toolchains/XcodeDefault.xctoolchain/usr/bin/c++     -Wl,-search_paths_first -Wl,-headerpad_max_install_names  -v -Wl,-v CMakeFiles/cmTC_8ccec.dir/CMakeCXXCompilerABI.cpp.o  -o cmTC_8ccec   
Apple LLVM version 7.3.0 (clang-703.0.31)
Target: x86_64-apple-darwin15.6.0
Thread model: posix
InstalledDir: /Applications/Xcode.app/Contents/Developer/Toolchains/XcodeDefault.xctoolchain/usr/bin
 "/Applications/Xcode.app/Contents/Developer/Toolchains/XcodeDefault.xctoolchain/usr/bin/ld" -demangle -dynamic -arch x86_64 -macosx_version_min 10.11.0 -o cmTC_8ccec -search_paths_first -headerpad_max_install_names -v CMakeFiles/cmTC_8ccec.dir/CMakeCXXCompilerABI.cpp.o -lc++ -lSystem /Applications/Xcode.app/Contents/Developer/Toolchains/XcodeDefault.xctoolchain/usr/bin/../lib/clang/7.3.0/lib/darwin/libclang_rt.osx.a
@(#)PROGRAM:ld  PROJECT:ld64-264.3.102
configured to support archs: armv6 armv7 armv7s arm64 i386 x86_64 x86_64h armv6m armv7k armv7m armv7em (tvOS)
Library search paths:
	/usr/lib
	/usr/local/lib
Framework search paths:
	/Library/Frameworks/
	/System/Library/Frameworks/
gmake[1]: Leaving directory '/Users/kesenheimer/Desktop/Test_Collier/COLLIER-1.1/build/CMakeFiles/CMakeTmp'


Parsed CXX implicit link information from above output:
  link line regex: [^( *|.*[/\])(ld|([^/\]+-)?ld|collect2)[^/\]*( |$)]
  ignore line: [Change Dir: /Users/kesenheimer/Desktop/Test_Collier/COLLIER-1.1/build/CMakeFiles/CMakeTmp]
  ignore line: []
  ignore line: [Run Build Command:"/opt/local/bin/gmake" "cmTC_8ccec/fast"]
  ignore line: [/opt/local/bin/gmake -f CMakeFiles/cmTC_8ccec.dir/build.make CMakeFiles/cmTC_8ccec.dir/build]
  ignore line: [gmake[1]: Entering directory '/Users/kesenheimer/Desktop/Test_Collier/COLLIER-1.1/build/CMakeFiles/CMakeTmp']
  ignore line: [Building CXX object CMakeFiles/cmTC_8ccec.dir/CMakeCXXCompilerABI.cpp.o]
  ignore line: [/Applications/Xcode.app/Contents/Developer/Toolchains/XcodeDefault.xctoolchain/usr/bin/c++      -o CMakeFiles/cmTC_8ccec.dir/CMakeCXXCompilerABI.cpp.o -c /opt/local/share/cmake-3.7/Modules/CMakeCXXCompilerABI.cpp]
  ignore line: [Linking CXX executable cmTC_8ccec]
  ignore line: [/opt/local/bin/cmake -E cmake_link_script CMakeFiles/cmTC_8ccec.dir/link.txt --verbose=1]
  ignore line: [/Applications/Xcode.app/Contents/Developer/Toolchains/XcodeDefault.xctoolchain/usr/bin/c++     -Wl,-search_paths_first -Wl,-headerpad_max_install_names  -v -Wl,-v CMakeFiles/cmTC_8ccec.dir/CMakeCXXCompilerABI.cpp.o  -o cmTC_8ccec   ]
  ignore line: [Apple LLVM version 7.3.0 (clang-703.0.31)]
  ignore line: [Target: x86_64-apple-darwin15.6.0]
  ignore line: [Thread model: posix]
  ignore line: [InstalledDir: /Applications/Xcode.app/Contents/Developer/Toolchains/XcodeDefault.xctoolchain/usr/bin]
  link line: [ "/Applications/Xcode.app/Contents/Developer/Toolchains/XcodeDefault.xctoolchain/usr/bin/ld" -demangle -dynamic -arch x86_64 -macosx_version_min 10.11.0 -o cmTC_8ccec -search_paths_first -headerpad_max_install_names -v CMakeFiles/cmTC_8ccec.dir/CMakeCXXCompilerABI.cpp.o -lc++ -lSystem /Applications/Xcode.app/Contents/Developer/Toolchains/XcodeDefault.xctoolchain/usr/bin/../lib/clang/7.3.0/lib/darwin/libclang_rt.osx.a]
    arg [/Applications/Xcode.app/Contents/Developer/Toolchains/XcodeDefault.xctoolchain/usr/bin/ld] ==> ignore
    arg [-demangle] ==> ignore
    arg [-dynamic] ==> ignore
    arg [-arch] ==> ignore
    arg [x86_64] ==> ignore
    arg [-macosx_version_min] ==> ignore
    arg [10.11.0] ==> ignore
    arg [-o] ==> ignore
    arg [cmTC_8ccec] ==> ignore
    arg [-search_paths_first] ==> ignore
    arg [-headerpad_max_install_names] ==> ignore
    arg [-v] ==> ignore
    arg [CMakeFiles/cmTC_8ccec.dir/CMakeCXXCompilerABI.cpp.o] ==> ignore
    arg [-lc++] ==> lib [c++]
    arg [-lSystem] ==> lib [System]
    arg [/Applications/Xcode.app/Contents/Developer/Toolchains/XcodeDefault.xctoolchain/usr/bin/../lib/clang/7.3.0/lib/darwin/libclang_rt.osx.a] ==> lib [/Applications/Xcode.app/Contents/Developer/Toolchains/XcodeDefault.xctoolchain/usr/bin/../lib/clang/7.3.0/lib/darwin/libclang_rt.osx.a]
  Library search paths: [;/usr/lib;/usr/local/lib]
  Framework search paths: [;/Library/Frameworks/;/System/Library/Frameworks/]
  remove lib [System]
  remove lib [/Applications/Xcode.app/Contents/Developer/Toolchains/XcodeDefault.xctoolchain/usr/bin/../lib/clang/7.3.0/lib/darwin/libclang_rt.osx.a]
  collapse library dir [/usr/lib] ==> [/usr/lib]
  collapse library dir [/usr/local/lib] ==> [/usr/local/lib]
  collapse framework dir [/Library/Frameworks/] ==> [/Library/Frameworks]
  collapse framework dir [/System/Library/Frameworks/] ==> [/System/Library/Frameworks]
  implicit libs: [c++]
  implicit dirs: [/usr/lib;/usr/local/lib]
  implicit fwks: [/Library/Frameworks;/System/Library/Frameworks]




Detecting CXX [-std=c++14] compiler features compiled with the following output:
Change Dir: /Users/kesenheimer/Desktop/Test_Collier/COLLIER-1.1/build/CMakeFiles/CMakeTmp

Run Build Command:"/opt/local/bin/gmake" "cmTC_61bc6/fast"
/opt/local/bin/gmake -f CMakeFiles/cmTC_61bc6.dir/build.make CMakeFiles/cmTC_61bc6.dir/build
gmake[1]: Entering directory '/Users/kesenheimer/Desktop/Test_Collier/COLLIER-1.1/build/CMakeFiles/CMakeTmp'
Building CXX object CMakeFiles/cmTC_61bc6.dir/feature_tests.cxx.o
/Applications/Xcode.app/Contents/Developer/Toolchains/XcodeDefault.xctoolchain/usr/bin/c++     -std=c++14 -o CMakeFiles/cmTC_61bc6.dir/feature_tests.cxx.o -c /Users/kesenheimer/Desktop/Test_Collier/COLLIER-1.1/build/CMakeFiles/feature_tests.cxx
Linking CXX executable cmTC_61bc6
/opt/local/bin/cmake -E cmake_link_script CMakeFiles/cmTC_61bc6.dir/link.txt --verbose=1
/Applications/Xcode.app/Contents/Developer/Toolchains/XcodeDefault.xctoolchain/usr/bin/c++     -Wl,-search_paths_first -Wl,-headerpad_max_install_names   CMakeFiles/cmTC_61bc6.dir/feature_tests.cxx.o  -o cmTC_61bc6  
gmake[1]: Leaving directory '/Users/kesenheimer/Desktop/Test_Collier/COLLIER-1.1/build/CMakeFiles/CMakeTmp'


    Feature record: CXX_FEATURE:1cxx_aggregate_default_initializers
    Feature record: CXX_FEATURE:1cxx_alias_templates
    Feature record: CXX_FEATURE:1cxx_alignas
    Feature record: CXX_FEATURE:1cxx_alignof
    Feature record: CXX_FEATURE:1cxx_attributes
    Feature record: CXX_FEATURE:1cxx_attribute_deprecated
    Feature record: CXX_FEATURE:1cxx_auto_type
    Feature record: CXX_FEATURE:1cxx_binary_literals
    Feature record: CXX_FEATURE:1cxx_constexpr
    Feature record: CXX_FEATURE:1cxx_contextual_conversions
    Feature record: CXX_FEATURE:1cxx_decltype
    Feature record: CXX_FEATURE:1cxx_decltype_auto
    Feature record: CXX_FEATURE:1cxx_decltype_incomplete_return_types
    Feature record: CXX_FEATURE:1cxx_default_function_template_args
    Feature record: CXX_FEATURE:1cxx_defaulted_functions
    Feature record: CXX_FEATURE:1cxx_defaulted_move_initializers
    Feature record: CXX_FEATURE:1cxx_delegating_constructors
    Feature record: CXX_FEATURE:1cxx_deleted_functions
    Feature record: CXX_FEATURE:1cxx_digit_separators
    Feature record: CXX_FEATURE:1cxx_enum_forward_declarations
    Feature record: CXX_FEATURE:1cxx_explicit_conversions
    Feature record: CXX_FEATURE:1cxx_extended_friend_declarations
    Feature record: CXX_FEATURE:1cxx_extern_templates
    Feature record: CXX_FEATURE:1cxx_final
    Feature record: CXX_FEATURE:1cxx_func_identifier
    Feature record: CXX_FEATURE:1cxx_generalized_initializers
    Feature record: CXX_FEATURE:1cxx_generic_lambdas
    Feature record: CXX_FEATURE:1cxx_inheriting_constructors
    Feature record: CXX_FEATURE:1cxx_inline_namespaces
    Feature record: CXX_FEATURE:1cxx_lambdas
    Feature record: CXX_FEATURE:1cxx_lambda_init_captures
    Feature record: CXX_FEATURE:1cxx_local_type_template_args
    Feature record: CXX_FEATURE:1cxx_long_long_type
    Feature record: CXX_FEATURE:1cxx_noexcept
    Feature record: CXX_FEATURE:1cxx_nonstatic_member_init
    Feature record: CXX_FEATURE:1cxx_nullptr
    Feature record: CXX_FEATURE:1cxx_override
    Feature record: CXX_FEATURE:1cxx_range_for
    Feature record: CXX_FEATURE:1cxx_raw_string_literals
    Feature record: CXX_FEATURE:1cxx_reference_qualified_functions
    Feature record: CXX_FEATURE:1cxx_relaxed_constexpr
    Feature record: CXX_FEATURE:1cxx_return_type_deduction
    Feature record: CXX_FEATURE:1cxx_right_angle_brackets
    Feature record: CXX_FEATURE:1cxx_rvalue_references
    Feature record: CXX_FEATURE:1cxx_sizeof_member
    Feature record: CXX_FEATURE:1cxx_static_assert
    Feature record: CXX_FEATURE:1cxx_strong_enums
    Feature record: CXX_FEATURE:1cxx_template_template_parameters
    Feature record: CXX_FEATURE:0cxx_thread_local
    Feature record: CXX_FEATURE:1cxx_trailing_return_types
    Feature record: CXX_FEATURE:1cxx_unicode_literals
    Feature record: CXX_FEATURE:1cxx_uniform_initialization
    Feature record: CXX_FEATURE:1cxx_unrestricted_unions
    Feature record: CXX_FEATURE:1cxx_user_literals
    Feature record: CXX_FEATURE:1cxx_variable_templates
    Feature record: CXX_FEATURE:1cxx_variadic_macros
    Feature record: CXX_FEATURE:1cxx_variadic_templates


Detecting CXX [-std=c++11] compiler features compiled with the following output:
Change Dir: /Users/kesenheimer/Desktop/Test_Collier/COLLIER-1.1/build/CMakeFiles/CMakeTmp

Run Build Command:"/opt/local/bin/gmake" "cmTC_bae4b/fast"
/opt/local/bin/gmake -f CMakeFiles/cmTC_bae4b.dir/build.make CMakeFiles/cmTC_bae4b.dir/build
gmake[1]: Entering directory '/Users/kesenheimer/Desktop/Test_Collier/COLLIER-1.1/build/CMakeFiles/CMakeTmp'
Building CXX object CMakeFiles/cmTC_bae4b.dir/feature_tests.cxx.o
/Applications/Xcode.app/Contents/Developer/Toolchains/XcodeDefault.xctoolchain/usr/bin/c++     -std=c++11 -o CMakeFiles/cmTC_bae4b.dir/feature_tests.cxx.o -c /Users/kesenheimer/Desktop/Test_Collier/COLLIER-1.1/build/CMakeFiles/feature_tests.cxx
Linking CXX executable cmTC_bae4b
/opt/local/bin/cmake -E cmake_link_script CMakeFiles/cmTC_bae4b.dir/link.txt --verbose=1
/Applications/Xcode.app/Contents/Developer/Toolchains/XcodeDefault.xctoolchain/usr/bin/c++     -Wl,-search_paths_first -Wl,-headerpad_max_install_names   CMakeFiles/cmTC_bae4b.dir/feature_tests.cxx.o  -o cmTC_bae4b  
gmake[1]: Leaving directory '/Users/kesenheimer/Desktop/Test_Collier/COLLIER-1.1/build/CMakeFiles/CMakeTmp'


    Feature record: CXX_FEATURE:0cxx_aggregate_default_initializers
    Feature record: CXX_FEATURE:1cxx_alias_templates
    Feature record: CXX_FEATURE:1cxx_alignas
    Feature record: CXX_FEATURE:1cxx_alignof
    Feature record: CXX_FEATURE:1cxx_attributes
    Feature record: CXX_FEATURE:0cxx_attribute_deprecated
    Feature record: CXX_FEATURE:1cxx_auto_type
    Feature record: CXX_FEATURE:0cxx_binary_literals
    Feature record: CXX_FEATURE:1cxx_constexpr
    Feature record: CXX_FEATURE:0cxx_contextual_conversions
    Feature record: CXX_FEATURE:1cxx_decltype
    Feature record: CXX_FEATURE:0cxx_decltype_auto
    Feature record: CXX_FEATURE:1cxx_decltype_incomplete_return_types
    Feature record: CXX_FEATURE:1cxx_default_function_template_args
    Feature record: CXX_FEATURE:1cxx_defaulted_functions
    Feature record: CXX_FEATURE:1cxx_defaulted_move_initializers
    Feature record: CXX_FEATURE:1cxx_delegating_constructors
    Feature record: CXX_FEATURE:1cxx_deleted_functions
    Feature record: CXX_FEATURE:0cxx_digit_separators
    Feature record: CXX_FEATURE:1cxx_enum_forward_declarations
    Feature record: CXX_FEATURE:1cxx_explicit_conversions
    Feature record: CXX_FEATURE:1cxx_extended_friend_declarations
    Feature record: CXX_FEATURE:1cxx_extern_templates
    Feature record: CXX_FEATURE:1cxx_final
    Feature record: CXX_FEATURE:1cxx_func_identifier
    Feature record: CXX_FEATURE:1cxx_generalized_initializers
    Feature record: CXX_FEATURE:0cxx_generic_lambdas
    Feature record: CXX_FEATURE:1cxx_inheriting_constructors
    Feature record: CXX_FEATURE:1cxx_inline_namespaces
    Feature record: CXX_FEATURE:1cxx_lambdas
    Feature record: CXX_FEATURE:0cxx_lambda_init_captures
    Feature record: CXX_FEATURE:1cxx_local_type_template_args
    Feature record: CXX_FEATURE:1cxx_long_long_type
    Feature record: CXX_FEATURE:1cxx_noexcept
    Feature record: CXX_FEATURE:1cxx_nonstatic_member_init
    Feature record: CXX_FEATURE:1cxx_nullptr
    Feature record: CXX_FEATURE:1cxx_override
    Feature record: CXX_FEATURE:1cxx_range_for
    Feature record: CXX_FEATURE:1cxx_raw_string_literals
    Feature record: CXX_FEATURE:1cxx_reference_qualified_functions
    Feature record: CXX_FEATURE:0cxx_relaxed_constexpr
    Feature record: CXX_FEATURE:0cxx_return_type_deduction
    Feature record: CXX_FEATURE:1cxx_right_angle_brackets
    Feature record: CXX_FEATURE:1cxx_rvalue_references
    Feature record: CXX_FEATURE:1cxx_sizeof_member
    Feature record: CXX_FEATURE:1cxx_static_assert
    Feature record: CXX_FEATURE:1cxx_strong_enums
    Feature record: CXX_FEATURE:1cxx_template_template_parameters
    Feature record: CXX_FEATURE:0cxx_thread_local
    Feature record: CXX_FEATURE:1cxx_trailing_return_types
    Feature record: CXX_FEATURE:1cxx_unicode_literals
    Feature record: CXX_FEATURE:1cxx_uniform_initialization
    Feature record: CXX_FEATURE:1cxx_unrestricted_unions
    Feature record: CXX_FEATURE:1cxx_user_literals
    Feature record: CXX_FEATURE:0cxx_variable_templates
    Feature record: CXX_FEATURE:1cxx_variadic_macros
    Feature record: CXX_FEATURE:1cxx_variadic_templates


Detecting CXX [-std=c++98] compiler features compiled with the following output:
Change Dir: /Users/kesenheimer/Desktop/Test_Collier/COLLIER-1.1/build/CMakeFiles/CMakeTmp

Run Build Command:"/opt/local/bin/gmake" "cmTC_b5157/fast"
/opt/local/bin/gmake -f CMakeFiles/cmTC_b5157.dir/build.make CMakeFiles/cmTC_b5157.dir/build
gmake[1]: Entering directory '/Users/kesenheimer/Desktop/Test_Collier/COLLIER-1.1/build/CMakeFiles/CMakeTmp'
Building CXX object CMakeFiles/cmTC_b5157.dir/feature_tests.cxx.o
/Applications/Xcode.app/Contents/Developer/Toolchains/XcodeDefault.xctoolchain/usr/bin/c++     -std=c++98 -o CMakeFiles/cmTC_b5157.dir/feature_tests.cxx.o -c /Users/kesenheimer/Desktop/Test_Collier/COLLIER-1.1/build/CMakeFiles/feature_tests.cxx
Linking CXX executable cmTC_b5157
/opt/local/bin/cmake -E cmake_link_script CMakeFiles/cmTC_b5157.dir/link.txt --verbose=1
/Applications/Xcode.app/Contents/Developer/Toolchains/XcodeDefault.xctoolchain/usr/bin/c++     -Wl,-search_paths_first -Wl,-headerpad_max_install_names   CMakeFiles/cmTC_b5157.dir/feature_tests.cxx.o  -o cmTC_b5157  
gmake[1]: Leaving directory '/Users/kesenheimer/Desktop/Test_Collier/COLLIER-1.1/build/CMakeFiles/CMakeTmp'


    Feature record: CXX_FEATURE:0cxx_aggregate_default_initializers
    Feature record: CXX_FEATURE:0cxx_alias_templates
    Feature record: CXX_FEATURE:0cxx_alignas
    Feature record: CXX_FEATURE:0cxx_alignof
    Feature record: CXX_FEATURE:0cxx_attributes
    Feature record: CXX_FEATURE:0cxx_attribute_deprecated
    Feature record: CXX_FEATURE:0cxx_auto_type
    Feature record: CXX_FEATURE:0cxx_binary_literals
    Feature record: CXX_FEATURE:0cxx_constexpr
    Feature record: CXX_FEATURE:0cxx_contextual_conversions
    Feature record: CXX_FEATURE:0cxx_decltype
    Feature record: CXX_FEATURE:0cxx_decltype_auto
    Feature record: CXX_FEATURE:0cxx_decltype_incomplete_return_types
    Feature record: CXX_FEATURE:0cxx_default_function_template_args
    Feature record: CXX_FEATURE:0cxx_defaulted_functions
    Feature record: CXX_FEATURE:0cxx_defaulted_move_initializers
    Feature record: CXX_FEATURE:0cxx_delegating_constructors
    Feature record: CXX_FEATURE:0cxx_deleted_functions
    Feature record: CXX_FEATURE:0cxx_digit_separators
    Feature record: CXX_FEATURE:0cxx_enum_forward_declarations
    Feature record: CXX_FEATURE:0cxx_explicit_conversions
    Feature record: CXX_FEATURE:0cxx_extended_friend_declarations
    Feature record: CXX_FEATURE:0cxx_extern_templates
    Feature record: CXX_FEATURE:0cxx_final
    Feature record: CXX_FEATURE:0cxx_func_identifier
    Feature record: CXX_FEATURE:0cxx_generalized_initializers
    Feature record: CXX_FEATURE:0cxx_generic_lambdas
    Feature record: CXX_FEATURE:0cxx_inheriting_constructors
    Feature record: CXX_FEATURE:0cxx_inline_namespaces
    Feature record: CXX_FEATURE:0cxx_lambdas
    Feature record: CXX_FEATURE:0cxx_lambda_init_captures
    Feature record: CXX_FEATURE:0cxx_local_type_template_args
    Feature record: CXX_FEATURE:0cxx_long_long_type
    Feature record: CXX_FEATURE:0cxx_noexcept
    Feature record: CXX_FEATURE:0cxx_nonstatic_member_init
    Feature record: CXX_FEATURE:0cxx_nullptr
    Feature record: CXX_FEATURE:0cxx_override
    Feature record: CXX_FEATURE:0cxx_range_for
    Feature record: CXX_FEATURE:0cxx_raw_string_literals
    Feature record: CXX_FEATURE:0cxx_reference_qualified_functions
    Feature record: CXX_FEATURE:0cxx_relaxed_constexpr
    Feature record: CXX_FEATURE:0cxx_return_type_deduction
    Feature record: CXX_FEATURE:0cxx_right_angle_brackets
    Feature record: CXX_FEATURE:0cxx_rvalue_references
    Feature record: CXX_FEATURE:0cxx_sizeof_member
    Feature record: CXX_FEATURE:0cxx_static_assert
    Feature record: CXX_FEATURE:0cxx_strong_enums
    Feature record: CXX_FEATURE:1cxx_template_template_parameters
    Feature record: CXX_FEATURE:0cxx_thread_local
    Feature record: CXX_FEATURE:0cxx_trailing_return_types
    Feature record: CXX_FEATURE:0cxx_unicode_literals
    Feature record: CXX_FEATURE:0cxx_uniform_initialization
    Feature record: CXX_FEATURE:0cxx_unrestricted_unions
    Feature record: CXX_FEATURE:0cxx_user_literals
    Feature record: CXX_FEATURE:0cxx_variable_templates
    Feature record: CXX_FEATURE:0cxx_variadic_macros
    Feature record: CXX_FEATURE:0cxx_variadic_templates
Compiling the Fortran compiler identification source file "CMakeFortranCompilerId.F" succeeded.
Compiler: /usr/local/bin/gfortran 
Build flags: 
Id flags: -v

The output was:
0
Driving: /usr/local/bin/gfortran -mmacosx-version-min=10.11.6 -v CMakeFortranCompilerId.F -l gfortran -shared-libgcc
Using built-in specs.
COLLECT_GCC=/usr/local/bin/gfortran
COLLECT_LTO_WRAPPER=/usr/local/libexec/gcc/x86_64-apple-darwin14.4.0/5.1.0/lto-wrapper
Target: x86_64-apple-darwin14.4.0
Configured with: ../gcc-5.1.0/configure --enable-languages=c++,fortran
Thread model: posix
gcc version 5.1.0 (GCC) 
COLLECT_GCC_OPTIONS='-mmacosx-version-min=10.11.6' '-v' '-shared-libgcc' '-mtune=core2'
 /usr/local/libexec/gcc/x86_64-apple-darwin14.4.0/5.1.0/f951 CMakeFortranCompilerId.F -ffixed-form -cpp=/var/folders/9_/s132qfqs543gs2skd61md54m0000gq/T//ccuCSDh3.f90 -quiet -v -D__DYNAMIC__ CMakeFortranCompilerId.F -fPIC -quiet -dumpbase CMakeFortranCompilerId.F -mmacosx-version-min=10.11.6 -mtune=core2 -auxbase CMakeFortranCompilerId -version -fintrinsic-modules-path /usr/local/lib/gcc/x86_64-apple-darwin14.4.0/5.1.0/finclude -o /var/folders/9_/s132qfqs543gs2skd61md54m0000gq/T//ccY2E7aC.s
GNU Fortran (GCC) version 5.1.0 (x86_64-apple-darwin14.4.0)
	compiled by GNU C version 5.1.0, GMP version 6.0.0, MPFR version 3.1.2-p10, MPC version 1.0.2
GGC heuristics: --param ggc-min-expand=100 --param ggc-min-heapsize=131072
ignoring nonexistent directory "/usr/local/lib/gcc/x86_64-apple-darwin14.4.0/5.1.0/../../../../x86_64-apple-darwin14.4.0/include"
#include "..." search starts here:
#include <...> search starts here:
 /usr/local/lib/gcc/x86_64-apple-darwin14.4.0/5.1.0/finclude
 /usr/local/lib/gcc/x86_64-apple-darwin14.4.0/5.1.0/include
 /usr/local/include
 /usr/local/lib/gcc/x86_64-apple-darwin14.4.0/5.1.0/include-fixed
 /usr/include
End of search list.
GNU Fortran2008 (GCC) version 5.1.0 (x86_64-apple-darwin14.4.0)
	compiled by GNU C version 5.1.0, GMP version 6.0.0, MPFR version 3.1.2-p10, MPC version 1.0.2
GGC heuristics: --param ggc-min-expand=100 --param ggc-min-heapsize=131072
COLLECT_GCC_OPTIONS='-mmacosx-version-min=10.11.6' '-v' '-shared-libgcc' '-mtune=core2'
 as -arch x86_64 -force_cpusubtype_ALL -o /var/folders/9_/s132qfqs543gs2skd61md54m0000gq/T//ccaOum6n.o /var/folders/9_/s132qfqs543gs2skd61md54m0000gq/T//ccY2E7aC.s
Reading specs from /usr/local/lib/gcc/x86_64-apple-darwin14.4.0/5.1.0/../../../libgfortran.spec
rename spec lib to liborig
COLLECT_GCC_OPTIONS='-mmacosx-version-min=10.11.6' '-v' '-shared-libgcc' '-mtune=core2'
COMPILER_PATH=/usr/local/libexec/gcc/x86_64-apple-darwin14.4.0/5.1.0/:/usr/local/libexec/gcc/x86_64-apple-darwin14.4.0/5.1.0/:/usr/local/libexec/gcc/x86_64-apple-darwin14.4.0/:/usr/local/lib/gcc/x86_64-apple-darwin14.4.0/5.1.0/:/usr/local/lib/gcc/x86_64-apple-darwin14.4.0/
LIBRARY_PATH=/usr/local/lib/gcc/x86_64-apple-darwin14.4.0/5.1.0/:/usr/local/lib/gcc/x86_64-apple-darwin14.4.0/5.1.0/../../../:/usr/lib/
COLLECT_GCC_OPTIONS='-mmacosx-version-min=10.11.6' '-v' '-shared-libgcc' '-mtune=core2'
 /usr/local/libexec/gcc/x86_64-apple-darwin14.4.0/5.1.0/collect2 -dynamic -arch x86_64 -macosx_version_min 10.11.6 -weak_reference_mismatches non-weak -o a.out -L/usr/local/lib/gcc/x86_64-apple-darwin14.4.0/5.1.0 -L/usr/local/lib/gcc/x86_64-apple-darwin14.4.0/5.1.0/../../.. /var/folders/9_/s132qfqs543gs2skd61md54m0000gq/T//ccaOum6n.o -lgfortran -no_compact_unwind -lSystem -lgcc_ext.10.5 -lgcc -lquadmath -lm -lgcc_ext.10.5 -lgcc -lSystem -v
collect2 version 5.1.0
/opt/local/bin/ld -dynamic -arch x86_64 -macosx_version_min 10.11.6 -weak_reference_mismatches non-weak -o a.out -L/usr/local/lib/gcc/x86_64-apple-darwin14.4.0/5.1.0 -L/usr/local/lib/gcc/x86_64-apple-darwin14.4.0/5.1.0/../../.. /var/folders/9_/s132qfqs543gs2skd61md54m0000gq/T//ccaOum6n.o -lgfortran -no_compact_unwind -lSystem -lgcc_ext.10.5 -lgcc -lquadmath -lm -lgcc_ext.10.5 -lgcc -lSystem -v
@(#)PROGRAM:ld  PROJECT:ld64-274.1
configured to support archs: i386 x86_64 x86_64h armv6 armv7 armv7s armv7m armv7k arm64 (tvOS)
Library search paths:
	/usr/local/lib/gcc/x86_64-apple-darwin14.4.0/5.1.0
	/usr/local/lib
	/usr/lib
	/usr/local/lib
Framework search paths:
	/Library/Frameworks/
	/System/Library/Frameworks/


Compilation of the Fortran compiler identification source "CMakeFortranCompilerId.F" produced "a.out"

The Fortran compiler identification is GNU, found in "/Users/kesenheimer/Desktop/Test_Collier/COLLIER-1.1/build/CMakeFiles/3.7.1/CompilerIdFortran/a.out"

Determining if the Fortran compiler works passed with the following output:
Change Dir: /Users/kesenheimer/Desktop/Test_Collier/COLLIER-1.1/build/CMakeFiles/CMakeTmp

Run Build Command:"/opt/local/bin/gmake" "cmTC_b38c5/fast"
/opt/local/bin/gmake -f CMakeFiles/cmTC_b38c5.dir/build.make CMakeFiles/cmTC_b38c5.dir/build
gmake[1]: Entering directory '/Users/kesenheimer/Desktop/Test_Collier/COLLIER-1.1/build/CMakeFiles/CMakeTmp'
Building Fortran object CMakeFiles/cmTC_b38c5.dir/testFortranCompiler.f.o
/usr/local/bin/gfortran     -c /Users/kesenheimer/Desktop/Test_Collier/COLLIER-1.1/build/CMakeFiles/CMakeTmp/testFortranCompiler.f -o CMakeFiles/cmTC_b38c5.dir/testFortranCompiler.f.o
Linking Fortran executable cmTC_b38c5
/opt/local/bin/cmake -E cmake_link_script CMakeFiles/cmTC_b38c5.dir/link.txt --verbose=1
/usr/local/bin/gfortran       CMakeFiles/cmTC_b38c5.dir/testFortranCompiler.f.o  -o cmTC_b38c5  
gmake[1]: Leaving directory '/Users/kesenheimer/Desktop/Test_Collier/COLLIER-1.1/build/CMakeFiles/CMakeTmp'


Detecting Fortran compiler ABI info compiled with the following output:
Change Dir: /Users/kesenheimer/Desktop/Test_Collier/COLLIER-1.1/build/CMakeFiles/CMakeTmp

Run Build Command:"/opt/local/bin/gmake" "cmTC_db116/fast"
/opt/local/bin/gmake -f CMakeFiles/cmTC_db116.dir/build.make CMakeFiles/cmTC_db116.dir/build
gmake[1]: Entering directory '/Users/kesenheimer/Desktop/Test_Collier/COLLIER-1.1/build/CMakeFiles/CMakeTmp'
Building Fortran object CMakeFiles/cmTC_db116.dir/CMakeFortranCompilerABI.F.o
/usr/local/bin/gfortran     -c /opt/local/share/cmake-3.7/Modules/CMakeFortranCompilerABI.F -o CMakeFiles/cmTC_db116.dir/CMakeFortranCompilerABI.F.o
Linking Fortran executable cmTC_db116
/opt/local/bin/cmake -E cmake_link_script CMakeFiles/cmTC_db116.dir/link.txt --verbose=1
/usr/local/bin/gfortran    -v -Wl,-v   CMakeFiles/cmTC_db116.dir/CMakeFortranCompilerABI.F.o  -o cmTC_db116   
Driving: /usr/local/bin/gfortran -mmacosx-version-min=10.11.6 -v -Wl,-v CMakeFiles/cmTC_db116.dir/CMakeFortranCompilerABI.F.o -o cmTC_db116 -l gfortran -shared-libgcc
Using built-in specs.
COLLECT_GCC=/usr/local/bin/gfortran
COLLECT_LTO_WRAPPER=/usr/local/libexec/gcc/x86_64-apple-darwin14.4.0/5.1.0/lto-wrapper
Target: x86_64-apple-darwin14.4.0
Configured with: ../gcc-5.1.0/configure --enable-languages=c++,fortran
Thread model: posix
gcc version 5.1.0 (GCC) 
Reading specs from /usr/local/lib/gcc/x86_64-apple-darwin14.4.0/5.1.0/../../../libgfortran.spec
rename spec lib to liborig
COLLECT_GCC_OPTIONS='-mmacosx-version-min=10.11.6' '-v' '-o' 'cmTC_db116' '-shared-libgcc' '-mtune=core2'
COMPILER_PATH=/usr/local/libexec/gcc/x86_64-apple-darwin14.4.0/5.1.0/:/usr/local/libexec/gcc/x86_64-apple-darwin14.4.0/5.1.0/:/usr/local/libexec/gcc/x86_64-apple-darwin14.4.0/:/usr/local/lib/gcc/x86_64-apple-darwin14.4.0/5.1.0/:/usr/local/lib/gcc/x86_64-apple-darwin14.4.0/
LIBRARY_PATH=/usr/local/lib/gcc/x86_64-apple-darwin14.4.0/5.1.0/:/usr/local/lib/gcc/x86_64-apple-darwin14.4.0/5.1.0/../../../:/usr/lib/
COLLECT_GCC_OPTIONS='-mmacosx-version-min=10.11.6' '-v' '-o' 'cmTC_db116' '-shared-libgcc' '-mtune=core2'
 /usr/local/libexec/gcc/x86_64-apple-darwin14.4.0/5.1.0/collect2 -dynamic -arch x86_64 -macosx_version_min 10.11.6 -weak_reference_mismatches non-weak -o cmTC_db116 -L/usr/local/lib/gcc/x86_64-apple-darwin14.4.0/5.1.0 -L/usr/local/lib/gcc/x86_64-apple-darwin14.4.0/5.1.0/../../.. -v CMakeFiles/cmTC_db116.dir/CMakeFortranCompilerABI.F.o -lgfortran -no_compact_unwind -lSystem -lgcc_ext.10.5 -lgcc -lquadmath -lm -lgcc_ext.10.5 -lgcc -lSystem -v
collect2 version 5.1.0
/opt/local/bin/ld -dynamic -arch x86_64 -macosx_version_min 10.11.6 -weak_reference_mismatches non-weak -o cmTC_db116 -L/usr/local/lib/gcc/x86_64-apple-darwin14.4.0/5.1.0 -L/usr/local/lib/gcc/x86_64-apple-darwin14.4.0/5.1.0/../../.. -v CMakeFiles/cmTC_db116.dir/CMakeFortranCompilerABI.F.o -lgfortran -no_compact_unwind -lSystem -lgcc_ext.10.5 -lgcc -lquadmath -lm -lgcc_ext.10.5 -lgcc -lSystem -v
@(#)PROGRAM:ld  PROJECT:ld64-274.1
configured to support archs: i386 x86_64 x86_64h armv6 armv7 armv7s armv7m armv7k arm64 (tvOS)
@(#)PROGRAM:ld  PROJECT:ld64-274.1
configured to support archs: i386 x86_64 x86_64h armv6 armv7 armv7s armv7m armv7k arm64 (tvOS)
Library search paths:
	/usr/local/lib/gcc/x86_64-apple-darwin14.4.0/5.1.0
	/usr/local/lib
	/usr/lib
	/usr/local/lib
Framework search paths:
	/Library/Frameworks/
	/System/Library/Frameworks/
gmake[1]: Leaving directory '/Users/kesenheimer/Desktop/Test_Collier/COLLIER-1.1/build/CMakeFiles/CMakeTmp'


Parsed Fortran implicit link information from above output:
  link line regex: [^( *|.*[/\])(ld|([^/\]+-)?ld|collect2)[^/\]*( |$)]
  ignore line: [Change Dir: /Users/kesenheimer/Desktop/Test_Collier/COLLIER-1.1/build/CMakeFiles/CMakeTmp]
  ignore line: []
  ignore line: [Run Build Command:"/opt/local/bin/gmake" "cmTC_db116/fast"]
  ignore line: [/opt/local/bin/gmake -f CMakeFiles/cmTC_db116.dir/build.make CMakeFiles/cmTC_db116.dir/build]
  ignore line: [gmake[1]: Entering directory '/Users/kesenheimer/Desktop/Test_Collier/COLLIER-1.1/build/CMakeFiles/CMakeTmp']
  ignore line: [Building Fortran object CMakeFiles/cmTC_db116.dir/CMakeFortranCompilerABI.F.o]
  ignore line: [/usr/local/bin/gfortran     -c /opt/local/share/cmake-3.7/Modules/CMakeFortranCompilerABI.F -o CMakeFiles/cmTC_db116.dir/CMakeFortranCompilerABI.F.o]
  ignore line: [Linking Fortran executable cmTC_db116]
  ignore line: [/opt/local/bin/cmake -E cmake_link_script CMakeFiles/cmTC_db116.dir/link.txt --verbose=1]
  ignore line: [/usr/local/bin/gfortran    -v -Wl,-v   CMakeFiles/cmTC_db116.dir/CMakeFortranCompilerABI.F.o  -o cmTC_db116   ]
  ignore line: [Driving: /usr/local/bin/gfortran -mmacosx-version-min=10.11.6 -v -Wl,-v CMakeFiles/cmTC_db116.dir/CMakeFortranCompilerABI.F.o -o cmTC_db116 -l gfortran -shared-libgcc]
  ignore line: [Using built-in specs.]
  ignore line: [COLLECT_GCC=/usr/local/bin/gfortran]
  ignore line: [COLLECT_LTO_WRAPPER=/usr/local/libexec/gcc/x86_64-apple-darwin14.4.0/5.1.0/lto-wrapper]
  ignore line: [Target: x86_64-apple-darwin14.4.0]
  ignore line: [Configured with: ../gcc-5.1.0/configure --enable-languages=c++,fortran]
  ignore line: [Thread model: posix]
  ignore line: [gcc version 5.1.0 (GCC) ]
  ignore line: [Reading specs from /usr/local/lib/gcc/x86_64-apple-darwin14.4.0/5.1.0/../../../libgfortran.spec]
  ignore line: [rename spec lib to liborig]
  ignore line: [COLLECT_GCC_OPTIONS='-mmacosx-version-min=10.11.6' '-v' '-o' 'cmTC_db116' '-shared-libgcc' '-mtune=core2']
  ignore line: [COMPILER_PATH=/usr/local/libexec/gcc/x86_64-apple-darwin14.4.0/5.1.0/:/usr/local/libexec/gcc/x86_64-apple-darwin14.4.0/5.1.0/:/usr/local/libexec/gcc/x86_64-apple-darwin14.4.0/:/usr/local/lib/gcc/x86_64-apple-darwin14.4.0/5.1.0/:/usr/local/lib/gcc/x86_64-apple-darwin14.4.0/]
  ignore line: [LIBRARY_PATH=/usr/local/lib/gcc/x86_64-apple-darwin14.4.0/5.1.0/:/usr/local/lib/gcc/x86_64-apple-darwin14.4.0/5.1.0/../../../:/usr/lib/]
  ignore line: [COLLECT_GCC_OPTIONS='-mmacosx-version-min=10.11.6' '-v' '-o' 'cmTC_db116' '-shared-libgcc' '-mtune=core2']
  link line: [ /usr/local/libexec/gcc/x86_64-apple-darwin14.4.0/5.1.0/collect2 -dynamic -arch x86_64 -macosx_version_min 10.11.6 -weak_reference_mismatches non-weak -o cmTC_db116 -L/usr/local/lib/gcc/x86_64-apple-darwin14.4.0/5.1.0 -L/usr/local/lib/gcc/x86_64-apple-darwin14.4.0/5.1.0/../../.. -v CMakeFiles/cmTC_db116.dir/CMakeFortranCompilerABI.F.o -lgfortran -no_compact_unwind -lSystem -lgcc_ext.10.5 -lgcc -lquadmath -lm -lgcc_ext.10.5 -lgcc -lSystem -v]
    arg [/usr/local/libexec/gcc/x86_64-apple-darwin14.4.0/5.1.0/collect2] ==> ignore
    arg [-dynamic] ==> ignore
    arg [-arch] ==> ignore
    arg [x86_64] ==> ignore
    arg [-macosx_version_min] ==> ignore
    arg [10.11.6] ==> ignore
    arg [-weak_reference_mismatches] ==> ignore
    arg [non-weak] ==> ignore
    arg [-o] ==> ignore
    arg [cmTC_db116] ==> ignore
    arg [-L/usr/local/lib/gcc/x86_64-apple-darwin14.4.0/5.1.0] ==> dir [/usr/local/lib/gcc/x86_64-apple-darwin14.4.0/5.1.0]
    arg [-L/usr/local/lib/gcc/x86_64-apple-darwin14.4.0/5.1.0/../../..] ==> dir [/usr/local/lib/gcc/x86_64-apple-darwin14.4.0/5.1.0/../../..]
    arg [-v] ==> ignore
    arg [CMakeFiles/cmTC_db116.dir/CMakeFortranCompilerABI.F.o] ==> ignore
    arg [-lgfortran] ==> lib [gfortran]
    arg [-no_compact_unwind] ==> ignore
    arg [-lSystem] ==> lib [System]
    arg [-lgcc_ext.10.5] ==> lib [gcc_ext.10.5]
    arg [-lgcc] ==> lib [gcc]
    arg [-lquadmath] ==> lib [quadmath]
    arg [-lm] ==> lib [m]
    arg [-lgcc_ext.10.5] ==> lib [gcc_ext.10.5]
    arg [-lgcc] ==> lib [gcc]
    arg [-lSystem] ==> lib [System]
    arg [-v] ==> ignore
  Library search paths: [;/usr/local/lib/gcc/x86_64-apple-darwin14.4.0/5.1.0;/usr/local/lib;/usr/lib;/usr/local/lib]
  Framework search paths: [;/Library/Frameworks/;/System/Library/Frameworks/]
  remove lib [System]
  remove lib [gcc_ext.10.5]
  remove lib [gcc]
  remove lib [gcc_ext.10.5]
  remove lib [gcc]
  remove lib [System]
  collapse library dir [/usr/local/lib/gcc/x86_64-apple-darwin14.4.0/5.1.0] ==> [/usr/local/lib/gcc/x86_64-apple-darwin14.4.0/5.1.0]
  collapse library dir [/usr/local/lib/gcc/x86_64-apple-darwin14.4.0/5.1.0/../../..] ==> [/usr/local/lib]
  collapse library dir [/usr/local/lib/gcc/x86_64-apple-darwin14.4.0/5.1.0] ==> [/usr/local/lib/gcc/x86_64-apple-darwin14.4.0/5.1.0]
  collapse library dir [/usr/local/lib] ==> [/usr/local/lib]
  collapse library dir [/usr/lib] ==> [/usr/lib]
  collapse library dir [/usr/local/lib] ==> [/usr/local/lib]
  collapse framework dir [/Library/Frameworks/] ==> [/Library/Frameworks]
  collapse framework dir [/System/Library/Frameworks/] ==> [/System/Library/Frameworks]
  implicit libs: [gfortran;quadmath;m]
  implicit dirs: [/usr/local/lib/gcc/x86_64-apple-darwin14.4.0/5.1.0;/usr/local/lib;/usr/lib]
  implicit fwks: [/Library/Frameworks;/System/Library/Frameworks]


Determining if the Fortran compiler supports Fortran 90 passed with the following output:
Change Dir: /Users/kesenheimer/Desktop/Test_Collier/COLLIER-1.1/build/CMakeFiles/CMakeTmp

Run Build Command:"/opt/local/bin/gmake" "cmTC_f05f0/fast"
/opt/local/bin/gmake -f CMakeFiles/cmTC_f05f0.dir/build.make CMakeFiles/cmTC_f05f0.dir/build
gmake[1]: Entering directory '/Users/kesenheimer/Desktop/Test_Collier/COLLIER-1.1/build/CMakeFiles/CMakeTmp'
Building Fortran object CMakeFiles/cmTC_f05f0.dir/testFortranCompilerF90.f90.o
/usr/local/bin/gfortran     -c /Users/kesenheimer/Desktop/Test_Collier/COLLIER-1.1/build/CMakeFiles/CMakeTmp/testFortranCompilerF90.f90 -o CMakeFiles/cmTC_f05f0.dir/testFortranCompilerF90.f90.o
Linking Fortran executable cmTC_f05f0
/opt/local/bin/cmake -E cmake_link_script CMakeFiles/cmTC_f05f0.dir/link.txt --verbose=1
/usr/local/bin/gfortran       CMakeFiles/cmTC_f05f0.dir/testFortranCompilerF90.f90.o  -o cmTC_f05f0  
gmake[1]: Leaving directory '/Users/kesenheimer/Desktop/Test_Collier/COLLIER-1.1/build/CMakeFiles/CMakeTmp'


